<?xml version="1.0" encoding="UTF-8"?>
<!-- Generated by org.testng.reporters.JUnitReportReporter -->
<testsuite hostname="01HW510223" name="trainpack.testngparameters" tests="1" failures="0" timestamp="20 Apr 2017 09:12:25 GMT" time="0.016" errors="0">
  <testcase name="testngtest" time="0.016" classname="trainpack.testngparameters"/>
</testsuite> <!-- trainpack.testngparameters -->
