<?xml version="1.0" encoding="UTF-8"?>
<!-- Generated by org.testng.reporters.JUnitReportReporter -->
<testsuite hostname="01HW510223" name="trainpack.testngpriority" tests="3" failures="0" timestamp="20 Apr 2017 10:08:35 GMT" time="0.015" errors="0">
  <testcase name="test10" time="0.000" classname="trainpack.testngpriority"/>
  <testcase name="test5" time="0.000" classname="trainpack.testngpriority"/>
  <testcase name="test11" time="0.015" classname="trainpack.testngpriority"/>
</testsuite> <!-- trainpack.testngpriority -->
