<?xml version="1.0" encoding="UTF-8"?>
<!-- Generated by org.testng.reporters.JUnitReportReporter -->
<testsuite hostname="01HW510223" name="trainpack.testnggroup" tests="2" failures="0" timestamp="20 Apr 2017 09:08:08 GMT" time="0.016" errors="0">
  <testcase name="testngtest1" time="0.016" classname="trainpack.testnggroup"/>
  <testcase name="testngtest2" time="0.000" classname="trainpack.testnggroup"/>
</testsuite> <!-- trainpack.testnggroup -->
