<?xml version="1.0" encoding="UTF-8"?>
<!-- Generated by org.testng.reporters.JUnitReportReporter -->
<testsuite hostname="01HW510223" name="trainpack.testngdataprovider" tests="2" failures="0" timestamp="20 Apr 2017 09:22:47 GMT" time="38.962" errors="0">
  <testcase name="login" time="20.624" classname="trainpack.testngdataprovider"/>
  <testcase name="login" time="18.338" classname="trainpack.testngdataprovider"/>
</testsuite> <!-- trainpack.testngdataprovider -->
